<?xml version="1.0" encoding="UTF-8"?>
<testng-results skipped="0" failed="0" ignored="0" total="4" passed="4">
  <reporter-output>
  </reporter-output>
  <suite name="Suite" duration-ms="19524" started-at="2020-05-02T08:27:21 IST" finished-at="2020-05-02T08:27:41 IST">
    <groups>
    </groups>
    <test name="Test" duration-ms="19524" started-at="2020-05-02T08:27:21 IST" finished-at="2020-05-02T08:27:41 IST">
      <class name="soap.TestRunner">
        <test-method status="PASS" signature="SoapTest()[pri:0, instance:soap.TestRunner@2bbf4b8b]" name="SoapTest" duration-ms="2889" started-at="2020-05-02T08:27:38 IST" finished-at="2020-05-02T08:27:41 IST">
          <reporter-output>
          </reporter-output>
        </test-method> <!-- SoapTest -->
      </class> <!-- soap.TestRunner -->
      <class name="rest.RestAPIRunner2">
        <test-method status="PASS" signature="singleTest()[pri:0, instance:rest.RestAPIRunner2@30a3107a]" name="singleTest" duration-ms="199" started-at="2020-05-02T08:27:41 IST" finished-at="2020-05-02T08:27:41 IST">
          <reporter-output>
          </reporter-output>
        </test-method> <!-- singleTest -->
      </class> <!-- rest.RestAPIRunner2 -->
      <class name="rest.RestAPIRunner">
        <test-method status="PASS" signature="singleTest()[pri:0, instance:rest.RestAPIRunner@1563da5]" name="singleTest" duration-ms="16269" started-at="2020-05-02T08:27:21 IST" finished-at="2020-05-02T08:27:38 IST">
          <reporter-output>
          </reporter-output>
        </test-method> <!-- singleTest -->
      </class> <!-- rest.RestAPIRunner -->
      <class name="soap.TestRunner2">
        <test-method status="PASS" signature="singleTest()[pri:0, instance:soap.TestRunner2@33c7e1bb]" name="singleTest" duration-ms="71" started-at="2020-05-02T08:27:41 IST" finished-at="2020-05-02T08:27:41 IST">
          <reporter-output>
          </reporter-output>
        </test-method> <!-- singleTest -->
      </class> <!-- soap.TestRunner2 -->
    </test> <!-- Test -->
  </suite> <!-- Suite -->
</testng-results>
