<?xml version="1.0" encoding="UTF-8"?>
<!-- Generated by org.testng.reporters.JUnitXMLReporter -->
<testsuite hostname="PUN-RRODE01" ignored="2" name="Check dependency" tests="2" failures="1" timestamp="06 Aug 2020 08:56:43 GMT" time="0.153" errors="0">
  <testcase name="doUserReg" time="0.052" classname="testcases.TestCase3">
    <failure type="java.lang.AssertionError" message="null">
      <![CDATA[java.lang.AssertionError: null
at testcases.TestCase3.doUserReg(TestCase3.java:12)
... Removed 27 stack frames]]>
    </failure>
  </testcase> <!-- doUserReg -->
  <testcase name="fourthTest" time="0.002" classname="testcases.TestCase3"/>
  <testcase name="doLogin" time="0.0" classname="testcases.TestCase3">
    <ignored/>
  </testcase> <!-- doLogin -->
  <testcase name="thirdTest" time="0.0" classname="testcases.TestCase3">
    <ignored/>
  </testcase> <!-- thirdTest -->
</testsuite> <!-- Check dependency -->
