<?xml version="1.0" encoding="UTF-8"?>
<!-- Generated by org.testng.reporters.JUnitXMLReporter -->
<testsuite hostname="PUN-RRODE01" ignored="0" name="Dependency Test" tests="4" failures="1" timestamp="2020-09-03T11:45:06 IST" time="0.079" errors="0">
  <testcase name="doUserReg" time="0.004" classname="testcases.TestCase3">
    <failure type="java.lang.AssertionError" message="User reg failed">
      <![CDATA[java.lang.AssertionError: User reg failed
at testcases.TestCase3.doUserReg(TestCase3.java:12)
at java.util.ArrayList.forEach(ArrayList.java:1257)
... Removed 28 stack frames]]>
    </failure>
  </testcase> <!-- doUserReg -->
  <testcase name="doLogin" time="0.001" classname="testcases.TestCase3">
    <skipped/>
  </testcase> <!-- doLogin -->
  <testcase name="thirdTest" time="0.006" classname="testcases.TestCase3"/>
  <testcase name="fourthTest" time="0.005" classname="testcases.TestCase3"/>
</testsuite> <!-- Dependency Test -->
