<?xml version="1.0" encoding="UTF-8"?>
<!-- Generated by org.testng.reporters.JUnitXMLReporter -->
<testsuite hostname="PUN-RRODE01" ignored="0" name="Failure Test" tests="1" failures="1" timestamp="2020-09-03T11:45:06 IST" time="0.009" errors="0">
  <testcase name="doLogin" time="0.002" classname="testcases.TestFailure">
    <failure type="java.lang.AssertionError" message="Failing the login test">
      <![CDATA[java.lang.AssertionError: Failing the login test
at testcases.TestFailure.doLogin(TestFailure.java:11)
at java.util.ArrayList.forEach(ArrayList.java:1257)
... Removed 28 stack frames]]>
    </failure>
  </testcase> <!-- doLogin -->
</testsuite> <!-- Failure Test -->
