<?xml version="1.0" encoding="UTF-8"?>
<!-- Generated by org.testng.reporters.JUnitXMLReporter -->
<testsuite hostname="PUN-RRODE01" ignored="0" name="Test3" tests="4" failures="1" timestamp="2020-08-05T18:36:46 IST" time="0.077" errors="0">
  <testcase name="doUserReg" time="0.002" classname="testcases.TestCase3">
    <failure type="java.lang.AssertionError" message="null">
      <![CDATA[java.lang.AssertionError: null
at testcases.TestCase3.doUserReg(TestCase3.java:12)
at java.util.ArrayList.forEach(ArrayList.java:1257)
... Removed 29 stack frames]]>
    </failure>
  </testcase> <!-- doUserReg -->
  <testcase name="doLogin" time="0.0" classname="testcases.TestCase3">
    <skipped/>
  </testcase> <!-- doLogin -->
  <testcase name="thirdTest" time="0.0" classname="testcases.TestCase3">
    <skipped/>
  </testcase> <!-- thirdTest -->
  <testcase name="fourthTest" time="0.013" classname="testcases.TestCase3"/>
</testsuite> <!-- Test3 -->
