<?xml version="1.0" encoding="UTF-8"?>
<!-- Generated by org.testng.reporters.JUnitXMLReporter -->
<testsuite hostname="PUN-RRODE01" ignored="0" tests="1" failures="0" timestamp="02 Sep 2020 13:58:36 GMT" time="0.091" errors="0">
  <testcase name="@BeforeSuite setUp" time="0.062" classname="TestBase">
    <failure type="java.lang.NoClassDefFoundError" message="org/apache/http/client/methods/HttpRequestBase">
      <![CDATA[java.lang.NoClassDefFoundError: org/apache/http/client/methods/HttpRequestBase
at TestBase.setUp(TestBase.java:19)
Caused by: java.lang.ClassNotFoundException: org.apache.http.client.methods.HttpRequestBase
at java.net.URLClassLoader.findClass(URLClassLoader.java:382)
at java.lang.ClassLoader.loadClass(ClassLoader.java:424)
at sun.misc.Launcher$AppClassLoader.loadClass(Launcher.java:349)
at java.lang.ClassLoader.loadClass(ClassLoader.java:357)
... 21 more
... Removed 20 stack frames]]>
    </failure>
  </testcase> <!-- @BeforeSuite setUp -->
  <testcase name="doLogin" time="0.0" classname="LoginTest">
    <skipped/>
  </testcase> <!-- doLogin -->
</testsuite>
