<?xml version="1.0" encoding="UTF-8"?>
<testng-results skipped="0" failed="0" ignored="0" total="1" passed="1">
  <reporter-output>
  </reporter-output>
  <suite name="Default suite" duration-ms="18301" started-at="2020-11-08T15:23:33Z" finished-at="2020-11-08T15:23:52Z">
    <groups>
    </groups>
    <test name="Default test" duration-ms="18301" started-at="2020-11-08T15:23:33Z" finished-at="2020-11-08T15:23:52Z">
      <class name="WebDriverMaven">
        <test-method status="PASS" signature="setUp()[pri:0, instance:WebDriverMaven@55a1c291]" name="setUp" is-config="true" duration-ms="13298" started-at="2020-11-08T15:23:33Z" finished-at="2020-11-08T15:23:47Z">
          <reporter-output>
          </reporter-output>
        </test-method> <!-- setUp -->
        <test-method status="PASS" signature="login()[pri:0, instance:WebDriverMaven@55a1c291]" name="login" duration-ms="4916" started-at="2020-11-08T15:23:47Z" finished-at="2020-11-08T15:23:52Z">
          <reporter-output>
          </reporter-output>
        </test-method> <!-- login -->
      </class> <!-- WebDriverMaven -->
    </test> <!-- Default test -->
  </suite> <!-- Default suite -->
</testng-results>
