<?xml version="1.0" encoding="UTF-8"?>
<!-- Generated by org.testng.reporters.JUnitXMLReporter -->
<testsuite hostname="PUN-RRODE01" ignored="0" name="Test" tests="4" failures="0" timestamp="2020-05-02T08:27:41 IST" time="19.524" errors="0">
  <testcase name="singleTest" time="16.269" classname="rest.RestAPIRunner"/>
  <testcase name="SoapTest" time="2.889" classname="soap.TestRunner"/>
  <testcase name="singleTest" time="0.199" classname="rest.RestAPIRunner2"/>
  <testcase name="singleTest" time="0.071" classname="soap.TestRunner2"/>
</testsuite> <!-- Test -->
