<?xml version="1.0" encoding="UTF-8"?>
<testng-results skipped="0" failed="0" ignored="0" total="2" passed="2">
  <reporter-output>
  </reporter-output>
  <suite name="Default suite" duration-ms="28105" started-at="2020-10-17T13:49:36Z" finished-at="2020-10-17T13:50:04Z">
    <groups>
    </groups>
    <test name="Default test" duration-ms="28105" started-at="2020-10-17T13:49:36Z" finished-at="2020-10-17T13:50:04Z">
      <class name="testcases.TestParallelDataProviderThreadLocal">
        <test-method status="PASS" signature="testBrowser(java.lang.String, java.lang.String)[pri:0, instance:testcases.TestParallelDataProviderThreadLocal@4de5031f]" name="testBrowser" duration-ms="21916" started-at="2020-10-17T13:49:36Z" data-provider="getData" finished-at="2020-10-17T13:49:58Z">
          <params>
            <param index="0">
              <value>
                <![CDATA[chrome]]>
              </value>
            </param>
            <param index="1">
              <value>
                <![CDATA[roanprac]]>
              </value>
            </param>
          </params>
          <reporter-output>
          </reporter-output>
        </test-method> <!-- testBrowser -->
        <test-method status="PASS" signature="testBrowser(java.lang.String, java.lang.String)[pri:0, instance:testcases.TestParallelDataProviderThreadLocal@4de5031f]" name="testBrowser" duration-ms="28021" started-at="2020-10-17T13:49:36Z" data-provider="getData" finished-at="2020-10-17T13:50:04Z">
          <params>
            <param index="0">
              <value>
                <![CDATA[firefox]]>
              </value>
            </param>
            <param index="1">
              <value>
                <![CDATA[roancar]]>
              </value>
            </param>
          </params>
          <reporter-output>
          </reporter-output>
        </test-method> <!-- testBrowser -->
      </class> <!-- testcases.TestParallelDataProviderThreadLocal -->
    </test> <!-- Default test -->
  </suite> <!-- Default suite -->
</testng-results>
