<?xml version="1.0" encoding="UTF-8"?>
<!-- Generated by org.testng.reporters.JUnitXMLReporter -->
<testsuite hostname="PUN-RRODE01" ignored="0" name="Test " tests="3" failures="1" timestamp="12 Sep 2020 04:40:02 GMT" time="0.146" errors="0">
  <testcase name="doLogin" time="0.031" classname="testcases.TestCase2"/>
  <testcase name="doUserReg" time="0.005" classname="testcases.TestCase2">
    <failure type="java.lang.AssertionError" message="User registration test failed">
      <![CDATA[java.lang.AssertionError: User registration test failed
at testcases.TestCase2.doUserReg(TestCase2.java:18)
... Removed 26 stack frames]]>
    </failure>
  </testcase> <!-- doUserReg -->
  <testcase name="isSkip" time="0.005" classname="testcases.TestCase2">
    <skipped/>
  </testcase> <!-- isSkip -->
</testsuite> <!-- Test  -->
